saint lorence 
UA-143286343-37
and sait lorence east
UA-143286343-382019-11-20 19:08:38 Spyder.: PING BYPASSED 60 seconds remaining
2019-11-20 19:08:38 Spyder.: PING BYPASSED 60 seconds remaining
2019-12-04 00:07:36 Spyder.: PING BYPASSED 56 seconds remaining
2019-12-04 00:17:56 Spyder.: PING BYPASSED 55 seconds remaining
error something
** something
something
2019-12-04 00:17:56 Spyder.: PING BYPASSED 55 seconds remaining
4:47:23 PM [#1 555 SELECT SQL] 
SELECT SCHAIRID, SCHAIR FROM SCHAIRID

*** ERROR ***
  - EXCEPT:EkbmMWException: Dynamic SQL Error
SQL error code = -204
Table unknown
COMMUNICATION
At line 1, column 57
can't format message 13:796 -- message file C:\Windows\firebird.msg not found
GDS Code: 335544569 - SQL Code: -204 - Error Code: 249 (SERVER)
AUDIT: SELECT FIRST 1 COMMUNICATIONID FROM COMMUNICATION WHERE COMMUNICATIONID = '793719857343099396'
0

